Arguments: 
  /snap/node/5638/bin/node /snap/node/5638/bin/yarn.js config get npmRegistryServer

PATH: 
  /home/grene/tech4tchad/vujs-django/node_modules/.bin:/home/grene/tech4tchad/node_modules/.bin:/home/grene/node_modules/.bin:/home/node_modules/.bin:/node_modules/.bin:/home/grene/.nvm/versions/node/v17.3.0/bin:/home/grene/.nvm/versions/node/v17.3.0/bin:/home/grene/tech4tchad/vujs-django/env/bin:/home/grene/anaconda3/condabin:/home/grene/.local/bin:/usr/local/sbin:/usr/local/bin:/usr/sbin:/usr/bin:/sbin:/bin:/usr/games:/usr/local/games:/snap/bin

Yarn version: 
  1.22.15

Node version: 
  14.18.2

Platform: 
  linux x64

Trace: 
  Error: EACCES: permission denied, write
      at writeSync (fs.js:736:3)
      at SyncWriteStream._write (internal/fs/sync_write_stream.js:24:3)
      at writeOrBuffer (internal/streams/writable.js:358:12)
      at SyncWriteStream.Writable.write (internal/streams/writable.js:303:10)
      at ConsoleReporter._log (/snap/node/5638/lib/cli.js:96906:17)
      at ConsoleReporter.log (/snap/node/5638/lib/cli.js:96894:10)
      at get (/snap/node/5638/lib/cli.js:87579:14)
      at Object.<anonymous> (/snap/node/5638/lib/cli.js:25983:25)
      at Generator.next (<anonymous>)
      at step (/snap/node/5638/lib/cli.js:310:30)

npm manifest: 
  No manifest

yarn manifest: 
  No manifest

Lockfile: 
  No lockfile
